Build started 2016/06/02 22:19:48.
     1>Project "C:\Users\yuuta\Documents\Visual Studio 2013\Projects\minnanoTokuron\minnanoTokuron\minnanoTokuron.vcxproj" on node 2 (Build target(s)).
     1>ClCompile:
         C:\Program Files (x86)\Microsoft Visual Studio 12.0\VC\bin\CL.exe /c /ZI /nologo /W3 /WX- /Od /Oy- /D WIN32 /D _DEBUG /D _CONSOLE /D _LIB /D _UNICODE /D UNICODE /Gm /EHsc /RTC1 /MDd /GS /fp:precise /Zc:wchar_t /Zc:forScope /Fo"Debug\\" /Fd"Debug\vc120.pdb" /Gd /TC /analyze- /errorReport:prompt main.c
         main.c
     1>c:\users\yuuta\documents\visual studio 2013\projects\minnanotokuron\minnanotokuron\function_list.h(7): warning C4996: 'fopen': This function or variable may be unsafe. Consider using fopen_s instead. To disable deprecation, use _CRT_SECURE_NO_WARNINGS. See online help for details.
                 c:\program files (x86)\microsoft visual studio 12.0\vc\include\stdio.h(211) : see declaration of 'fopen'
     1>c:\users\yuuta\documents\visual studio 2013\projects\minnanotokuron\minnanotokuron\function_list.h(15): warning C4996: 'fscanf': This function or variable may be unsafe. Consider using fscanf_s instead. To disable deprecation, use _CRT_SECURE_NO_WARNINGS. See online help for details.
                 c:\program files (x86)\microsoft visual studio 12.0\vc\include\stdio.h(230) : see declaration of 'fscanf'
     1>c:\users\yuuta\documents\visual studio 2013\projects\minnanotokuron\minnanotokuron\function_list.h(29): warning C4996: 'fscanf': This function or variable may be unsafe. Consider using fscanf_s instead. To disable deprecation, use _CRT_SECURE_NO_WARNINGS. See online help for details.
                 c:\program files (x86)\microsoft visual studio 12.0\vc\include\stdio.h(230) : see declaration of 'fscanf'
     1>c:\users\yuuta\documents\visual studio 2013\projects\minnanotokuron\minnanotokuron\function_list.h(40): warning C4996: 'fopen': This function or variable may be unsafe. Consider using fopen_s instead. To disable deprecation, use _CRT_SECURE_NO_WARNINGS. See online help for details.
                 c:\program files (x86)\microsoft visual studio 12.0\vc\include\stdio.h(211) : see declaration of 'fopen'
     1>c:\users\yuuta\documents\visual studio 2013\projects\minnanotokuron\minnanotokuron\function_list.h(55): warning C4996: 'fopen': This function or variable may be unsafe. Consider using fopen_s instead. To disable deprecation, use _CRT_SECURE_NO_WARNINGS. See online help for details.
                 c:\program files (x86)\microsoft visual studio 12.0\vc\include\stdio.h(211) : see declaration of 'fopen'
     1>c:\users\yuuta\documents\visual studio 2013\projects\minnanotokuron\minnanotokuron\function_list.h(70): warning C4047: '=' : 'char' differs in levels of indirection from 'void *'
     1>c:\users\yuuta\documents\visual studio 2013\projects\minnanotokuron\minnanotokuron\main.c(37): warning C4996: 'fopen': This function or variable may be unsafe. Consider using fopen_s instead. To disable deprecation, use _CRT_SECURE_NO_WARNINGS. See online help for details.
                 c:\program files (x86)\microsoft visual studio 12.0\vc\include\stdio.h(211) : see declaration of 'fopen'
       Link:
         C:\Program Files (x86)\Microsoft Visual Studio 12.0\VC\bin\link.exe /ERRORREPORT:PROMPT /OUT:"C:\Users\yuuta\Documents\Visual Studio 2013\Projects\minnanoTokuron\Debug\minnanoTokuron.exe" /INCREMENTAL /NOLOGO kernel32.lib user32.lib gdi32.lib winspool.lib comdlg32.lib advapi32.lib shell32.lib ole32.lib oleaut32.lib uuid.lib odbc32.lib odbccp32.lib /MANIFEST /MANIFESTUAC:"level='asInvoker' uiAccess='false'" /manifest:embed /DEBUG /PDB:"C:\Users\yuuta\Documents\Visual Studio 2013\Projects\minnanoTokuron\Debug\minnanoTokuron.pdb" /SUBSYSTEM:CONSOLE /TLBID:1 /DYNAMICBASE /NXCOMPAT /IMPLIB:"C:\Users\yuuta\Documents\Visual Studio 2013\Projects\minnanoTokuron\Debug\minnanoTokuron.lib" /MACHINE:X86 Debug\main.obj
         minnanoTokuron.vcxproj -> C:\Users\yuuta\Documents\Visual Studio 2013\Projects\minnanoTokuron\Debug\minnanoTokuron.exe
     1>Done Building Project "C:\Users\yuuta\Documents\Visual Studio 2013\Projects\minnanoTokuron\minnanoTokuron\minnanoTokuron.vcxproj" (Build target(s)).

Build succeeded.

Time Elapsed 00:00:00.46
